InnoDB: using atomic writes.
2020-05-01 17:07:47 0 [Note] InnoDB: Mutexes and rw_locks use Windows interlocked functions
2020-05-01 17:07:47 0 [Note] InnoDB: Uses event mutexes
2020-05-01 17:07:47 0 [Note] InnoDB: Compressed tables use zlib 1.2.11
2020-05-01 17:07:47 0 [Note] InnoDB: Number of pools: 1
2020-05-01 17:07:47 0 [Note] InnoDB: Using SSE2 crc32 instructions
2020-05-01 17:07:47 0 [Note] InnoDB: Initializing buffer pool, total size = 16M, instances = 1, chunk size = 16M
2020-05-01 17:07:47 0 [Note] InnoDB: Completed initialization of buffer pool
2020-05-01 17:07:47 0 [Note] InnoDB: Starting crash recovery from checkpoint LSN=300288
2020-05-01 17:07:48 0 [Note] InnoDB: 128 out of 128 rollback segments are active.
2020-05-01 17:07:48 0 [Note] InnoDB: Removed temporary tablespace data file: "ibtmp1"
2020-05-01 17:07:48 0 [Note] InnoDB: Creating shared tablespace for temporary tables
2020-05-01 17:07:48 0 [Note] InnoDB: Setting file 'C:\xampp\mysql\data\ibtmp1' size to 12 MB. Physically writing the file full; Please wait ...
2020-05-01 17:07:48 0 [Note] InnoDB: File 'C:\xampp\mysql\data\ibtmp1' size is now 12 MB.
2020-05-01 17:07:48 0 [Note] InnoDB: Waiting for purge to start
2020-05-01 17:07:48 0 [Note] InnoDB: 10.4.11 started; log sequence number 300297; transaction id 171
2020-05-01 17:07:48 0 [Note] InnoDB: Loading buffer pool(s) from C:\xampp\mysql\data\ib_buffer_pool
2020-05-01 17:07:48 0 [Note] Plugin 'FEEDBACK' is disabled.
2020-05-01 17:07:48 0 [Note] InnoDB: Buffer pool(s) load completed at 200501 17:07:48
2020-05-01 17:07:48 0 [Note] Server socket created on IP: '::'.
2020-05-01 23:24:53 0 [Note] mysqld.exe: Aria engine: starting recovery
recovered pages: 0% 25% 36% 100% (0.0 seconds); tables to flush: 1 0
 (0.0 seconds); 
2020-05-01 23:24:53 0 [Note] mysqld.exe: Aria engine: recovery done
InnoDB: using atomic writes.
2020-05-01 23:24:53 0 [Note] InnoDB: Mutexes and rw_locks use Windows interlocked functions
2020-05-01 23:24:53 0 [Note] InnoDB: Uses event mutexes
2020-05-01 23:24:53 0 [Note] InnoDB: Compressed tables use zlib 1.2.11
2020-05-01 23:24:53 0 [Note] InnoDB: Number of pools: 1
2020-05-01 23:24:53 0 [Note] InnoDB: Using SSE2 crc32 instructions
2020-05-01 23:24:53 0 [Note] InnoDB: Initializing buffer pool, total size = 16M, instances = 1, chunk size = 16M
2020-05-01 23:24:53 0 [Note] InnoDB: Completed initialization of buffer pool
2020-05-01 23:24:53 0 [Note] InnoDB: Starting crash recovery from checkpoint LSN=524392
2020-05-01 23:24:54 0 [Note] InnoDB: 128 out of 128 rollback segments are active.
2020-05-01 23:24:54 0 [Note] InnoDB: Removed temporary tablespace data file: "ibtmp1"
2020-05-01 23:24:54 0 [Note] InnoDB: Creating shared tablespace for temporary tables
2020-05-01 23:24:54 0 [Note] InnoDB: Setting file 'C:\xampp\mysql\data\ibtmp1' size to 12 MB. Physically writing the file full; Please wait ...
2020-05-01 23:24:54 0 [Note] InnoDB: File 'C:\xampp\mysql\data\ibtmp1' size is now 12 MB.
2020-05-01 23:24:54 0 [Note] InnoDB: Waiting for purge to start
2020-05-01 23:24:54 0 [Note] InnoDB: 10.4.11 started; log sequence number 524401; transaction id 388
2020-05-01 23:24:54 0 [Note] InnoDB: Loading buffer pool(s) from C:\xampp\mysql\data\ib_buffer_pool
2020-05-01 23:24:54 0 [Note] Plugin 'FEEDBACK' is disabled.
2020-05-01 23:24:54 0 [Note] InnoDB: Buffer pool(s) load completed at 200501 23:24:54
2020-05-01 23:24:54 0 [Note] Server socket created on IP: '::'.
InnoDB: using atomic writes.
2020-05-02 14:34:53 0 [Note] InnoDB: Mutexes and rw_locks use Windows interlocked functions
2020-05-02 14:34:53 0 [Note] InnoDB: Uses event mutexes
2020-05-02 14:34:53 0 [Note] InnoDB: Compressed tables use zlib 1.2.11
2020-05-02 14:34:53 0 [Note] InnoDB: Number of pools: 1
2020-05-02 14:34:53 0 [Note] InnoDB: Using SSE2 crc32 instructions
2020-05-02 14:34:53 0 [Note] InnoDB: Initializing buffer pool, total size = 16M, instances = 1, chunk size = 16M
2020-05-02 14:34:53 0 [Note] InnoDB: Completed initialization of buffer pool
2020-05-02 14:34:53 0 [Note] InnoDB: Starting crash recovery from checkpoint LSN=524410
2020-05-02 14:34:53 0 [Note] InnoDB: 128 out of 128 rollback segments are active.
2020-05-02 14:34:53 0 [Note] InnoDB: Removed temporary tablespace data file: "ibtmp1"
2020-05-02 14:34:53 0 [Note] InnoDB: Creating shared tablespace for temporary tables
2020-05-02 14:34:53 0 [Note] InnoDB: Setting file 'C:\xampp\mysql\data\ibtmp1' size to 12 MB. Physically writing the file full; Please wait ...
2020-05-02 14:34:53 0 [Note] InnoDB: File 'C:\xampp\mysql\data\ibtmp1' size is now 12 MB.
2020-05-02 14:34:53 0 [Note] InnoDB: Waiting for purge to start
2020-05-02 14:34:53 0 [Note] InnoDB: 10.4.11 started; log sequence number 524419; transaction id 388
2020-05-02 14:34:53 0 [Note] InnoDB: Loading buffer pool(s) from C:\xampp\mysql\data\ib_buffer_pool
2020-05-02 14:34:53 0 [Note] Plugin 'FEEDBACK' is disabled.
2020-05-02 14:34:53 0 [Note] InnoDB: Buffer pool(s) load completed at 200502 14:34:53
2020-05-02 14:34:53 0 [Note] Server socket created on IP: '::'.
InnoDB: using atomic writes.
2020-05-03 21:47:13 0 [Note] InnoDB: Mutexes and rw_locks use Windows interlocked functions
2020-05-03 21:47:13 0 [Note] InnoDB: Uses event mutexes
2020-05-03 21:47:13 0 [Note] InnoDB: Compressed tables use zlib 1.2.11
2020-05-03 21:47:13 0 [Note] InnoDB: Number of pools: 1
2020-05-03 21:47:13 0 [Note] InnoDB: Using SSE2 crc32 instructions
2020-05-03 21:47:13 0 [Note] InnoDB: Initializing buffer pool, total size = 16M, instances = 1, chunk size = 16M
2020-05-03 21:47:13 0 [Note] InnoDB: Completed initialization of buffer pool
2020-05-03 21:47:13 0 [Note] InnoDB: Starting crash recovery from checkpoint LSN=756571
2020-05-03 21:47:13 0 [Note] InnoDB: 128 out of 128 rollback segments are active.
2020-05-03 21:47:13 0 [Note] InnoDB: Removed temporary tablespace data file: "ibtmp1"
2020-05-03 21:47:13 0 [Note] InnoDB: Creating shared tablespace for temporary tables
2020-05-03 21:47:13 0 [Note] InnoDB: Setting file 'C:\xampp\mysql\data\ibtmp1' size to 12 MB. Physically writing the file full; Please wait ...
2020-05-03 21:47:13 0 [Note] InnoDB: File 'C:\xampp\mysql\data\ibtmp1' size is now 12 MB.
2020-05-03 21:47:13 0 [Note] InnoDB: Waiting for purge to start
2020-05-03 21:47:13 0 [Note] InnoDB: 10.4.11 started; log sequence number 756580; transaction id 964
2020-05-03 21:47:13 0 [Note] InnoDB: Loading buffer pool(s) from C:\xampp\mysql\data\ib_buffer_pool
2020-05-03 21:47:13 0 [Note] Plugin 'FEEDBACK' is disabled.
2020-05-03 21:47:13 0 [Note] InnoDB: Buffer pool(s) load completed at 200503 21:47:13
2020-05-03 21:47:14 0 [Note] Server socket created on IP: '::'.
InnoDB: using atomic writes.
2020-05-06  8:42:18 0 [Note] InnoDB: Mutexes and rw_locks use Windows interlocked functions
2020-05-06  8:42:18 0 [Note] InnoDB: Uses event mutexes
2020-05-06  8:42:18 0 [Note] InnoDB: Compressed tables use zlib 1.2.11
2020-05-06  8:42:18 0 [Note] InnoDB: Number of pools: 1
2020-05-06  8:42:18 0 [Note] InnoDB: Using SSE2 crc32 instructions
2020-05-06  8:42:18 0 [Note] InnoDB: Initializing buffer pool, total size = 16M, instances = 1, chunk size = 16M
2020-05-06  8:42:18 0 [Note] InnoDB: Completed initialization of buffer pool
2020-05-06  8:42:18 0 [Note] InnoDB: Starting crash recovery from checkpoint LSN=773226
2020-05-06  8:42:19 0 [Note] InnoDB: 128 out of 128 rollback segments are active.
2020-05-06  8:42:19 0 [Note] InnoDB: Removed temporary tablespace data file: "ibtmp1"
2020-05-06  8:42:19 0 [Note] InnoDB: Creating shared tablespace for temporary tables
2020-05-06  8:42:19 0 [Note] InnoDB: Setting file 'C:\xampp\mysql\data\ibtmp1' size to 12 MB. Physically writing the file full; Please wait ...
2020-05-06  8:42:19 0 [Note] InnoDB: File 'C:\xampp\mysql\data\ibtmp1' size is now 12 MB.
2020-05-06  8:42:19 0 [Note] InnoDB: Waiting for purge to start
2020-05-06  8:42:19 0 [Note] InnoDB: 10.4.11 started; log sequence number 773235; transaction id 1015
2020-05-06  8:42:19 0 [Note] InnoDB: Loading buffer pool(s) from C:\xampp\mysql\data\ib_buffer_pool
2020-05-06  8:42:19 0 [Note] Plugin 'FEEDBACK' is disabled.
2020-05-06  8:42:19 0 [Note] InnoDB: Buffer pool(s) load completed at 200506  8:42:19
2020-05-06  8:42:19 0 [Note] Server socket created on IP: '::'.
